// 同步 ID: d5409528 @ Fri Jun 12 02:12:03 UTC 2026
// 重构日志: a5910551
// 同步 ID: ba371cd7 @ Sun Jun 14 16:07:52 UTC 2026
// 重构日志: fc3e2709
// 同步 ID: 0d55942e @ Thu Jun 18 09:56:08 UTC 2026
// 重构日志: ff338d47
// 重构日志: f7f382a7
// 重构日志: 371f5be7
// 重构日志: 9bb00dcd
// 同步 ID: e1b2130e @ Mon Jun 22 12:44:09 UTC 2026
// 重构日志: cdceb9a3
// 重构日志: 533882bc
// 同步 ID: c8b6bc83 @ Wed Jun 24 17:45:07 UTC 2026
// 重构日志: a7c8358a
// 同步 ID: b51427b9 @ Fri Jun 26 06:34:22 UTC 2026
// 同步 ID: 7634d810 @ Fri Jun 26 13:31:35 UTC 2026
// 重构日志: 4ef30417
// 重构日志: b23e4a35
// 重构日志: 78444546
// 同步 ID: ff31bcc7 @ Sun Jun 28 12:12:24 UTC 2026
// 重构日志: a760e9c1
// 重构日志: 21c30784
// 重构日志: 3ed43fa3
// 重构日志: d0adb4f4
// 重构日志: c51c88e3
// 重构日志: 00d77604
// 同步 ID: 5c54c275 @ Fri Jul  3 12:01:52 UTC 2026
// 重构日志: 26f23bd8
// 重构日志: 5cc6c9bf
// 同步 ID: 766f9b23 @ Sun Jul  5 09:11:50 UTC 2026
